2020-11-08 02:19:00 info: testing success
2020-11-08 02:55:15 info: POST /admin
2020-11-08 02:55:16 info: Wallet path: /home/haen/Middleware/wallet
2020-11-08 02:55:16 info: An identity for the admin user "admin" already exists in the wallet
2020-11-08 02:55:47 info: POST /admin
2020-11-08 02:55:47 info: Wallet path: /home/haen/Middleware/wallet
2020-11-08 02:55:47 info: An identity for the admin user "admin" already exists in the wallet
2020-11-08 02:58:18 info: POST /admin
2020-11-08 02:58:18 info: Wallet path: /home/haen/Middleware/wallet
2020-11-08 02:58:18 info: An identity for the admin user "admin" already exists in the wallet
2020-11-08 03:07:45 info: POST /admin/domain
2020-11-08 03:07:45 info: Wallet path: /home/haen/Middleware/wallet
2020-11-08 03:07:46 info: Successfully registered and enrolled domain user and imported it into the wallet
2020-11-08 03:07:46 info: Register Complete!
UUID: b7ddc0d8-a5c0-4b70-b7cf-939d4ec951ee, APIKey: PZEW1P5-MQ04PW7-PZ7S779-9V4N3VH
2020-11-08 03:09:08 info: POST /admin/domain
2020-11-08 03:09:08 info: Wallet path: /home/haen/Middleware/wallet
2020-11-08 03:09:08 warn: An identity for the user jungho.cau.com already exists in the wallet
2020-11-08 03:44:45 info: GET /user/ddo/:did
2020-11-08 03:44:45 warn: Invalid User
2020-11-08 03:45:20 info: GET /user/ddo/:did
2020-11-08 03:45:20 warn: Invalid User
2020-11-08 03:50:31 info: GET /user/ddo/:did
2020-11-08 03:50:32 info: Transaction has been evaluated, result is: {"@context":"https://www.w3.org/ns/did/v1","authentication":["did:bob:sample#keys-1"],"id":"did:bob:sample","publicKey":[{"controller":"did:bob:sample","id":"did:bob:sample#keys-1","publickeyPem":"ssh-rsa AAAAB3NzaC1yc2EAAAABJQAAAQEAikeNB9Q8cKN2fYFSn5Ty/GdpT6P4B5YP7E4uZybPojua3A7Vy24oeBXxRlAwU1b6hnsIvjC+JGuwsZqFActCNNaTt3T4SadOfcxZZSdlsqq+He/lOQK0qHxCL6A7MLT9/3nHCL6/LJ7RGQMGOEsaT8GHxWvvZfjlduyjTlli1u8ZXHu8RbcU7LnNNutbgqFfRpdyMJdbJwRL2sqSucj2M6ZOpvRH5Y5ISOa/+Is3wXIAkK9qFfdVvUU0n48KVGSNUcfT6nKgLfuMC7fyhH13iWqqYbL2loc+/Hmst1jlrryElTXwCBW7atMhirbgj4Q4PdZHUBrII9kHNilhYDIXNw== rsa-key-20201005","type":"RsaVerificationKey2018"}]}
2020-11-08 03:51:15 info: GET /user/ddo/:did
2020-11-08 03:51:16 info: Transaction has been evaluated, result is: {"@context":"https://www.w3.org/ns/did/v1","authentication":["did:bob:sample#keys-1"],"id":"did:bob:sample","publicKey":[{"controller":"did:bob:sample","id":"did:bob:sample#keys-1","publickeyPem":"ssh-rsa AAAAB3NzaC1yc2EAAAABJQAAAQEAikeNB9Q8cKN2fYFSn5Ty/GdpT6P4B5YP7E4uZybPojua3A7Vy24oeBXxRlAwU1b6hnsIvjC+JGuwsZqFActCNNaTt3T4SadOfcxZZSdlsqq+He/lOQK0qHxCL6A7MLT9/3nHCL6/LJ7RGQMGOEsaT8GHxWvvZfjlduyjTlli1u8ZXHu8RbcU7LnNNutbgqFfRpdyMJdbJwRL2sqSucj2M6ZOpvRH5Y5ISOa/+Is3wXIAkK9qFfdVvUU0n48KVGSNUcfT6nKgLfuMC7fyhH13iWqqYbL2loc+/Hmst1jlrryElTXwCBW7atMhirbgj4Q4PdZHUBrII9kHNilhYDIXNw== rsa-key-20201005","type":"RsaVerificationKey2018"}]}
2020-11-08 19:31:27 info: GET /user/ddo/:did
2020-11-08 19:31:31 info: Transaction has been evaluated, result is: {"@context":"https://www.w3.org/ns/did/v1","authentication":["did:bob:sample#keys-1"],"id":"did:bob:sample","publicKey":[{"controller":"did:bob:sample","id":"did:bob:sample#keys-1","publickeyPem":"ssh-rsa AAAAB3NzaC1yc2EAAAABJQAAAQEAikeNB9Q8cKN2fYFSn5Ty/GdpT6P4B5YP7E4uZybPojua3A7Vy24oeBXxRlAwU1b6hnsIvjC+JGuwsZqFActCNNaTt3T4SadOfcxZZSdlsqq+He/lOQK0qHxCL6A7MLT9/3nHCL6/LJ7RGQMGOEsaT8GHxWvvZfjlduyjTlli1u8ZXHu8RbcU7LnNNutbgqFfRpdyMJdbJwRL2sqSucj2M6ZOpvRH5Y5ISOa/+Is3wXIAkK9qFfdVvUU0n48KVGSNUcfT6nKgLfuMC7fyhH13iWqqYbL2loc+/Hmst1jlrryElTXwCBW7atMhirbgj4Q4PdZHUBrII9kHNilhYDIXNw== rsa-key-20201005","type":"RsaVerificationKey2018"}]}
